[2025-07-23 18:57:08] laravel.EMERGENCY: Unable to create configured logger. Using emergency logger. {"exception":"[object] (InvalidArgumentException(code: 0): Log [] is not defined. at /Users/Apple/Desktop/Dev_folder/Dev_project/test.kiro2/leadership-summit-laravel/vendor/laravel/framework/src/Illuminate/Log/LogManager.php:212)
[stacktrace]
#0 /Users/Apple/Desktop/Dev_folder/Dev_project/test.kiro2/leadership-summit-laravel/vendor/laravel/framework/src/Illuminate/Log/LogManager.php(137): Illuminate\\Log\\LogManager->resolve(NULL, NULL)
#1 /Users/Apple/Desktop/Dev_folder/Dev_project/test.kiro2/leadership-summit-laravel/vendor/laravel/framework/src/Illuminate/Log/LogManager.php(124): Illuminate\\Log\\LogManager->get(NULL)
#2 /Users/Apple/Desktop/Dev_folder/Dev_project/test.kiro2/leadership-summit-laravel/vendor/laravel/framework/src/Illuminate/Log/LogManager.php(681): Illuminate\\Log\\LogManager->driver()
#3 /Users/Apple/Desktop/Dev_folder/Dev_project/test.kiro2/leadership-summit-laravel/vendor/laravel/framework/src/Illuminate/Foundation/Exceptions/Handler.php(317): Illuminate\\Log\\LogManager->error('The /Users/Appl...', Array)
#4 /Users/Apple/Desktop/Dev_folder/Dev_project/test.kiro2/leadership-summit-laravel/vendor/laravel/framework/src/Illuminate/Foundation/Exceptions/Handler.php(278): Illuminate\\Foundation\\Exceptions\\Handler->reportThrowable(Object(Exception))
#5 /Users/Apple/Desktop/Dev_folder/Dev_project/test.kiro2/leadership-summit-laravel/vendor/laravel/framework/src/Illuminate/Foundation/Console/Kernel.php(523): Illuminate\\Foundation\\Exceptions\\Handler->report(Object(Exception))
#6 /Users/Apple/Desktop/Dev_folder/Dev_project/test.kiro2/leadership-summit-laravel/vendor/laravel/framework/src/Illuminate/Foundation/Console/Kernel.php(203): Illuminate\\Foundation\\Console\\Kernel->reportException(Object(Exception))
#7 /Users/Apple/Desktop/Dev_folder/Dev_project/test.kiro2/leadership-summit-laravel/artisan(35): Illuminate\\Foundation\\Console\\Kernel->handle(Object(Symfony\\Component\\Console\\Input\\ArgvInput), Object(Symfony\\Component\\Console\\Output\\ConsoleOutput))
#8 {main}
"} 
[2025-07-23 18:57:08] laravel.ERROR: The /Users/Apple/Desktop/Dev_folder/Dev_project/test.kiro2/leadership-summit-laravel/bootstrap/cache directory must be present and writable. {"exception":"[object] (Exception(code: 0): The /Users/Apple/Desktop/Dev_folder/Dev_project/test.kiro2/leadership-summit-laravel/bootstrap/cache directory must be present and writable. at /Users/Apple/Desktop/Dev_folder/Dev_project/test.kiro2/leadership-summit-laravel/vendor/laravel/framework/src/Illuminate/Foundation/PackageManifest.php:178)
[stacktrace]
#0 /Users/Apple/Desktop/Dev_folder/Dev_project/test.kiro2/leadership-summit-laravel/vendor/laravel/framework/src/Illuminate/Foundation/PackageManifest.php(131): Illuminate\\Foundation\\PackageManifest->write(Array)
#1 /Users/Apple/Desktop/Dev_folder/Dev_project/test.kiro2/leadership-summit-laravel/vendor/laravel/framework/src/Illuminate/Foundation/PackageManifest.php(107): Illuminate\\Foundation\\PackageManifest->build()
#2 /Users/Apple/Desktop/Dev_folder/Dev_project/test.kiro2/leadership-summit-laravel/vendor/laravel/framework/src/Illuminate/Foundation/PackageManifest.php(90): Illuminate\\Foundation\\PackageManifest->getManifest()
#3 /Users/Apple/Desktop/Dev_folder/Dev_project/test.kiro2/leadership-summit-laravel/vendor/laravel/framework/src/Illuminate/Foundation/PackageManifest.php(79): Illuminate\\Foundation\\PackageManifest->config('aliases')
#4 /Users/Apple/Desktop/Dev_folder/Dev_project/test.kiro2/leadership-summit-laravel/vendor/laravel/framework/src/Illuminate/Foundation/Bootstrap/RegisterFacades.php(26): Illuminate\\Foundation\\PackageManifest->aliases()
#5 /Users/Apple/Desktop/Dev_folder/Dev_project/test.kiro2/leadership-summit-laravel/vendor/laravel/framework/src/Illuminate/Foundation/Application.php(286): Illuminate\\Foundation\\Bootstrap\\RegisterFacades->bootstrap(Object(Illuminate\\Foundation\\Application))
#6 /Users/Apple/Desktop/Dev_folder/Dev_project/test.kiro2/leadership-summit-laravel/vendor/laravel/framework/src/Illuminate/Foundation/Console/Kernel.php(447): Illuminate\\Foundation\\Application->bootstrapWith(Array)
#7 /Users/Apple/Desktop/Dev_folder/Dev_project/test.kiro2/leadership-summit-laravel/vendor/laravel/framework/src/Illuminate/Foundation/Console/Kernel.php(199): Illuminate\\Foundation\\Console\\Kernel->bootstrap()
#8 /Users/Apple/Desktop/Dev_folder/Dev_project/test.kiro2/leadership-summit-laravel/artisan(35): Illuminate\\Foundation\\Console\\Kernel->handle(Object(Symfony\\Component\\Console\\Input\\ArgvInput), Object(Symfony\\Component\\Console\\Output\\ConsoleOutput))
#9 {main}
"} 
[2025-07-23 19:02:11] laravel.EMERGENCY: Unable to create configured logger. Using emergency logger. {"exception":"[object] (InvalidArgumentException(code: 0): Log [] is not defined. at /Users/Apple/Desktop/Dev_folder/Dev_project/test.kiro2/leadership-summit-laravel/vendor/laravel/framework/src/Illuminate/Log/LogManager.php:212)
[stacktrace]
#0 /Users/Apple/Desktop/Dev_folder/Dev_project/test.kiro2/leadership-summit-laravel/vendor/laravel/framework/src/Illuminate/Log/LogManager.php(137): Illuminate\\Log\\LogManager->resolve(NULL, NULL)
#1 /Users/Apple/Desktop/Dev_folder/Dev_project/test.kiro2/leadership-summit-laravel/vendor/laravel/framework/src/Illuminate/Log/LogManager.php(124): Illuminate\\Log\\LogManager->get(NULL)
#2 /Users/Apple/Desktop/Dev_folder/Dev_project/test.kiro2/leadership-summit-laravel/vendor/laravel/framework/src/Illuminate/Log/LogManager.php(681): Illuminate\\Log\\LogManager->driver()
#3 /Users/Apple/Desktop/Dev_folder/Dev_project/test.kiro2/leadership-summit-laravel/vendor/laravel/framework/src/Illuminate/Foundation/Exceptions/Handler.php(317): Illuminate\\Log\\LogManager->error('require(/Users/...', Array)
#4 /Users/Apple/Desktop/Dev_folder/Dev_project/test.kiro2/leadership-summit-laravel/vendor/laravel/framework/src/Illuminate/Foundation/Exceptions/Handler.php(278): Illuminate\\Foundation\\Exceptions\\Handler->reportThrowable(Object(ErrorException))
#5 /Users/Apple/Desktop/Dev_folder/Dev_project/test.kiro2/leadership-summit-laravel/vendor/nunomaduro/collision/src/Adapters/Laravel/ExceptionHandler.php(46): Illuminate\\Foundation\\Exceptions\\Handler->report(Object(ErrorException))
#6 /Users/Apple/Desktop/Dev_folder/Dev_project/test.kiro2/leadership-summit-laravel/vendor/laravel/framework/src/Illuminate/Foundation/Console/Kernel.php(523): NunoMaduro\\Collision\\Adapters\\Laravel\\ExceptionHandler->report(Object(ErrorException))
#7 /Users/Apple/Desktop/Dev_folder/Dev_project/test.kiro2/leadership-summit-laravel/vendor/laravel/framework/src/Illuminate/Foundation/Console/Kernel.php(203): Illuminate\\Foundation\\Console\\Kernel->reportException(Object(ErrorException))
#8 /Users/Apple/Desktop/Dev_folder/Dev_project/test.kiro2/leadership-summit-laravel/artisan(35): Illuminate\\Foundation\\Console\\Kernel->handle(Object(Symfony\\Component\\Console\\Input\\ArgvInput), Object(Symfony\\Component\\Console\\Output\\ConsoleOutput))
#9 {main}
"} 
[2025-07-23 19:02:11] laravel.ERROR: require(/Users/Apple/Desktop/Dev_folder/Dev_project/test.kiro2/leadership-summit-laravel/routes/console.php): Failed to open stream: No such file or directory {"exception":"[object] (ErrorException(code: 0): require(/Users/Apple/Desktop/Dev_folder/Dev_project/test.kiro2/leadership-summit-laravel/routes/console.php): Failed to open stream: No such file or directory at /Users/Apple/Desktop/Dev_folder/Dev_project/test.kiro2/leadership-summit-laravel/app/Console/Kernel.php:25)
[stacktrace]
#0 /Users/Apple/Desktop/Dev_folder/Dev_project/test.kiro2/leadership-summit-laravel/vendor/laravel/framework/src/Illuminate/Foundation/Bootstrap/HandleExceptions.php(255): Illuminate\\Foundation\\Bootstrap\\HandleExceptions->handleError(2, 'require(/Users/...', '/Users/Apple/De...', 25)
#1 /Users/Apple/Desktop/Dev_folder/Dev_project/test.kiro2/leadership-summit-laravel/app/Console/Kernel.php(25): Illuminate\\Foundation\\Bootstrap\\HandleExceptions->{closure:Illuminate\\Foundation\\Bootstrap\\HandleExceptions::forwardsTo():254}(2, 'require(/Users/...', '/Users/Apple/De...', 25)
#2 /Users/Apple/Desktop/Dev_folder/Dev_project/test.kiro2/leadership-summit-laravel/app/Console/Kernel.php(25): require('/Users/Apple/De...')
#3 /Users/Apple/Desktop/Dev_folder/Dev_project/test.kiro2/leadership-summit-laravel/vendor/laravel/framework/src/Illuminate/Foundation/Console/Kernel.php(453): App\\Console\\Kernel->commands()
#4 /Users/Apple/Desktop/Dev_folder/Dev_project/test.kiro2/leadership-summit-laravel/vendor/laravel/framework/src/Illuminate/Foundation/Console/Kernel.php(199): Illuminate\\Foundation\\Console\\Kernel->bootstrap()
#5 /Users/Apple/Desktop/Dev_folder/Dev_project/test.kiro2/leadership-summit-laravel/artisan(35): Illuminate\\Foundation\\Console\\Kernel->handle(Object(Symfony\\Component\\Console\\Input\\ArgvInput), Object(Symfony\\Component\\Console\\Output\\ConsoleOutput))
#6 {main}
"} 
[2025-07-23 19:09:07] laravel.EMERGENCY: Unable to create configured logger. Using emergency logger. {"exception":"[object] (InvalidArgumentException(code: 0): Log [] is not defined. at /Users/Apple/Desktop/Dev_folder/Dev_project/test.kiro2/leadership-summit-laravel/vendor/laravel/framework/src/Illuminate/Log/LogManager.php:212)
[stacktrace]
#0 /Users/Apple/Desktop/Dev_folder/Dev_project/test.kiro2/leadership-summit-laravel/vendor/laravel/framework/src/Illuminate/Log/LogManager.php(137): Illuminate\\Log\\LogManager->resolve(NULL, NULL)
#1 /Users/Apple/Desktop/Dev_folder/Dev_project/test.kiro2/leadership-summit-laravel/vendor/laravel/framework/src/Illuminate/Log/LogManager.php(124): Illuminate\\Log\\LogManager->get(NULL)
#2 /Users/Apple/Desktop/Dev_folder/Dev_project/test.kiro2/leadership-summit-laravel/vendor/laravel/framework/src/Illuminate/Log/LogManager.php(681): Illuminate\\Log\\LogManager->driver()
#3 /Users/Apple/Desktop/Dev_folder/Dev_project/test.kiro2/leadership-summit-laravel/vendor/laravel/framework/src/Illuminate/Foundation/Exceptions/Handler.php(317): Illuminate\\Log\\LogManager->error('Class \"App\\\\Http...', Array)
#4 /Users/Apple/Desktop/Dev_folder/Dev_project/test.kiro2/leadership-summit-laravel/vendor/laravel/framework/src/Illuminate/Foundation/Exceptions/Handler.php(278): Illuminate\\Foundation\\Exceptions\\Handler->reportThrowable(Object(ReflectionException))
#5 /Users/Apple/Desktop/Dev_folder/Dev_project/test.kiro2/leadership-summit-laravel/vendor/nunomaduro/collision/src/Adapters/Laravel/ExceptionHandler.php(46): Illuminate\\Foundation\\Exceptions\\Handler->report(Object(ReflectionException))
#6 /Users/Apple/Desktop/Dev_folder/Dev_project/test.kiro2/leadership-summit-laravel/vendor/laravel/framework/src/Illuminate/Foundation/Console/Kernel.php(523): NunoMaduro\\Collision\\Adapters\\Laravel\\ExceptionHandler->report(Object(ReflectionException))
#7 /Users/Apple/Desktop/Dev_folder/Dev_project/test.kiro2/leadership-summit-laravel/vendor/laravel/framework/src/Illuminate/Foundation/Console/Kernel.php(203): Illuminate\\Foundation\\Console\\Kernel->reportException(Object(ReflectionException))
#8 /Users/Apple/Desktop/Dev_folder/Dev_project/test.kiro2/leadership-summit-laravel/artisan(35): Illuminate\\Foundation\\Console\\Kernel->handle(Object(Symfony\\Component\\Console\\Input\\ArgvInput), Object(Symfony\\Component\\Console\\Output\\ConsoleOutput))
#9 {main}
"} 
[2025-07-23 19:09:07] laravel.ERROR: Class "App\Http\Controllers\Api\EventController" does not exist {"exception":"[object] (ReflectionException(code: -1): Class \"App\\Http\\Controllers\\Api\\EventController\" does not exist at /Users/Apple/Desktop/Dev_folder/Dev_project/test.kiro2/leadership-summit-laravel/vendor/laravel/framework/src/Illuminate/Foundation/Console/RouteListCommand.php:225)
[stacktrace]
#0 /Users/Apple/Desktop/Dev_folder/Dev_project/test.kiro2/leadership-summit-laravel/vendor/laravel/framework/src/Illuminate/Foundation/Console/RouteListCommand.php(225): ReflectionClass->__construct('App\\\\Http\\\\Contro...')
#1 /Users/Apple/Desktop/Dev_folder/Dev_project/test.kiro2/leadership-summit-laravel/vendor/laravel/framework/src/Illuminate/Foundation/Console/RouteListCommand.php(147): Illuminate\\Foundation\\Console\\RouteListCommand->isVendorRoute(Object(Illuminate\\Routing\\Route))
#2 /Users/Apple/Desktop/Dev_folder/Dev_project/test.kiro2/leadership-summit-laravel/vendor/laravel/framework/src/Illuminate/Foundation/Console/RouteListCommand.php(116): Illuminate\\Foundation\\Console\\RouteListCommand->getRouteInformation(Object(Illuminate\\Routing\\Route))
#3 [internal function]: Illuminate\\Foundation\\Console\\RouteListCommand->{closure:Illuminate\\Foundation\\Console\\RouteListCommand::getRoutes():115}(Object(Illuminate\\Routing\\Route), 5)
#4 /Users/Apple/Desktop/Dev_folder/Dev_project/test.kiro2/leadership-summit-laravel/vendor/laravel/framework/src/Illuminate/Collections/Arr.php(600): array_map(Object(Closure), Array, Array)
#5 /Users/Apple/Desktop/Dev_folder/Dev_project/test.kiro2/leadership-summit-laravel/vendor/laravel/framework/src/Illuminate/Collections/Collection.php(778): Illuminate\\Support\\Arr::map(Array, Object(Closure))
#6 /Users/Apple/Desktop/Dev_folder/Dev_project/test.kiro2/leadership-summit-laravel/vendor/laravel/framework/src/Illuminate/Foundation/Console/RouteListCommand.php(115): Illuminate\\Support\\Collection->map(Object(Closure))
#7 /Users/Apple/Desktop/Dev_folder/Dev_project/test.kiro2/leadership-summit-laravel/vendor/laravel/framework/src/Illuminate/Foundation/Console/RouteListCommand.php(101): Illuminate\\Foundation\\Console\\RouteListCommand->getRoutes()
#8 /Users/Apple/Desktop/Dev_folder/Dev_project/test.kiro2/leadership-summit-laravel/vendor/laravel/framework/src/Illuminate/Container/BoundMethod.php(36): Illuminate\\Foundation\\Console\\RouteListCommand->handle()
#9 /Users/Apple/Desktop/Dev_folder/Dev_project/test.kiro2/leadership-summit-laravel/vendor/laravel/framework/src/Illuminate/Container/Util.php(41): Illuminate\\Container\\BoundMethod::{closure:Illuminate\\Container\\BoundMethod::call():35}()
#10 /Users/Apple/Desktop/Dev_folder/Dev_project/test.kiro2/leadership-summit-laravel/vendor/laravel/framework/src/Illuminate/Container/BoundMethod.php(93): Illuminate\\Container\\Util::unwrapIfClosure(Object(Closure))
#11 /Users/Apple/Desktop/Dev_folder/Dev_project/test.kiro2/leadership-summit-laravel/vendor/laravel/framework/src/Illuminate/Container/BoundMethod.php(35): Illuminate\\Container\\BoundMethod::callBoundMethod(Object(Illuminate\\Foundation\\Application), Array, Object(Closure))
#12 /Users/Apple/Desktop/Dev_folder/Dev_project/test.kiro2/leadership-summit-laravel/vendor/laravel/framework/src/Illuminate/Container/Container.php(662): Illuminate\\Container\\BoundMethod::call(Object(Illuminate\\Foundation\\Application), Array, Array, NULL)
#13 /Users/Apple/Desktop/Dev_folder/Dev_project/test.kiro2/leadership-summit-laravel/vendor/laravel/framework/src/Illuminate/Console/Command.php(211): Illuminate\\Container\\Container->call(Array)
#14 /Users/Apple/Desktop/Dev_folder/Dev_project/test.kiro2/leadership-summit-laravel/vendor/symfony/console/Command/Command.php(326): Illuminate\\Console\\Command->execute(Object(Symfony\\Component\\Console\\Input\\ArgvInput), Object(Illuminate\\Console\\OutputStyle))
#15 /Users/Apple/Desktop/Dev_folder/Dev_project/test.kiro2/leadership-summit-laravel/vendor/laravel/framework/src/Illuminate/Console/Command.php(180): Symfony\\Component\\Console\\Command\\Command->run(Object(Symfony\\Component\\Console\\Input\\ArgvInput), Object(Illuminate\\Console\\OutputStyle))
#16 /Users/Apple/Desktop/Dev_folder/Dev_project/test.kiro2/leadership-summit-laravel/vendor/symfony/console/Application.php(1096): Illuminate\\Console\\Command->run(Object(Symfony\\Component\\Console\\Input\\ArgvInput), Object(Symfony\\Component\\Console\\Output\\ConsoleOutput))
#17 /Users/Apple/Desktop/Dev_folder/Dev_project/test.kiro2/leadership-summit-laravel/vendor/symfony/console/Application.php(324): Symfony\\Component\\Console\\Application->doRunCommand(Object(Illuminate\\Foundation\\Console\\RouteListCommand), Object(Symfony\\Component\\Console\\Input\\ArgvInput), Object(Symfony\\Component\\Console\\Output\\ConsoleOutput))
#18 /Users/Apple/Desktop/Dev_folder/Dev_project/test.kiro2/leadership-summit-laravel/vendor/symfony/console/Application.php(175): Symfony\\Component\\Console\\Application->doRun(Object(Symfony\\Component\\Console\\Input\\ArgvInput), Object(Symfony\\Component\\Console\\Output\\ConsoleOutput))
#19 /Users/Apple/Desktop/Dev_folder/Dev_project/test.kiro2/leadership-summit-laravel/vendor/laravel/framework/src/Illuminate/Foundation/Console/Kernel.php(201): Symfony\\Component\\Console\\Application->run(Object(Symfony\\Component\\Console\\Input\\ArgvInput), Object(Symfony\\Component\\Console\\Output\\ConsoleOutput))
#20 /Users/Apple/Desktop/Dev_folder/Dev_project/test.kiro2/leadership-summit-laravel/artisan(35): Illuminate\\Foundation\\Console\\Kernel->handle(Object(Symfony\\Component\\Console\\Input\\ArgvInput), Object(Symfony\\Component\\Console\\Output\\ConsoleOutput))
#21 {main}
"} 
